<?xml version="1.0" encoding="UTF-8"?>
<testsuite xmlns:xsi="http://www.w3.org/2001/XMLSchema-instance" xsi:noNamespaceSchemaLocation="https://maven.apache.org/surefire/maven-surefire-plugin/xsd/surefire-test-report.xsd" name="Vinyl search" time="0.044" tests="1" errors="1" skipped="0" failures="0">
  <properties>
[...]
</properties>
  <testcase name="Search vinyls by release year" classname="Vinyl search" time="0.043">
    <error message="The step &apos;an album with the title &apos;The Dark Side of the Moon&apos;, created by the band &apos;Pink Floyd&apos;, released in &apos;01-03-1973&apos; on the label &apos;Harvest Records&apos;&apos; and 9 other step(s) are undefined.&#10;You can implement these steps using the snippet(s) below:&#10;&#10;@Given(&quot;an album with the title {string}, created by the band {string}, released in {string} on the label {string}&quot;)&#10;public void an_album_with_the_title_created_by_the_band_released_in_on_the_label(String string, String string2, String string3, String string4) {&#10;    // Write code here that turns the phrase above into concrete actions&#10;    throw new io.cucumber.java.PendingException();&#10;}&#10;@Given(&quot;an album with the title {string}, created by the artist {string}, released in {string} on the label {string}&quot;)&#10;public void an_album_with_the_title_created_by_the_artist_released_in_on_the_label(String string, String string2, String string3, String string4) {&#10;    // Write code here that turns the phrase above into concrete actions&#10;    throw new io.cucumber.java.PendingException();&#10;}&#10;@When(&quot;the customer searches for vinyls released between {string} and {string}&quot;)&#10;public void the_customer_searches_for_vinyls_released_between_and(String string, String string2) {&#10;    // Write code here that turns the phrase above into concrete actions&#10;    throw new io.cucumber.java.PendingException();&#10;}&#10;@Then(&quot;{int} albums should have been found&quot;)&#10;public void albums_should_have_been_found(Integer int1) {&#10;    // Write code here that turns the phrase above into concrete actions&#10;    throw new io.cucumber.java.PendingException();&#10;}&#10;@Then(&quot;album {int} should have the title {string}&quot;)&#10;public void album_should_have_the_title(Integer int1, String string) {&#10;    // Write code here that turns the phrase above into concrete actions&#10;    throw new io.cucumber.java.PendingException();&#10;}&#10;" type="io.cucumber.junit.platform.engine.UndefinedStepException">io.cucumber.junit.platform.engine.UndefinedStepException: 
The step 'an album with the title 'The Dark Side of the Moon', created by the band 'Pink Floyd', released in '01-03-1973' on the label 'Harvest Records'' and 9 other step(s) are undefined.
You can implement these steps using the snippet(s) below:

@Given("an album with the title {string}, created by the band {string}, released in {string} on the label {string}")
public void an_album_with_the_title_created_by_the_band_released_in_on_the_label(String string, String string2, String string3, String string4) {
    // Write code here that turns the phrase above into concrete actions
    throw new io.cucumber.java.PendingException();
}
@Given("an album with the title {string}, created by the artist {string}, released in {string} on the label {string}")
public void an_album_with_the_title_created_by_the_artist_released_in_on_the_label(String string, String string2, String string3, String string4) {
    // Write code here that turns the phrase above into concrete actions
    throw new io.cucumber.java.PendingException();
}
@When("the customer searches for vinyls released between {string} and {string}")
public void the_customer_searches_for_vinyls_released_between_and(String string, String string2) {
    // Write code here that turns the phrase above into concrete actions
    throw new io.cucumber.java.PendingException();
}
@Then("{int} albums should have been found")
public void albums_should_have_been_found(Integer int1) {
    // Write code here that turns the phrase above into concrete actions
    throw new io.cucumber.java.PendingException();
}
@Then("album {int} should have the title {string}")
public void album_should_have_the_title(Integer int1, String string) {
    // Write code here that turns the phrase above into concrete actions
    throw new io.cucumber.java.PendingException();
}

</error>
    <system-out><![CDATA[
Scenario: Search vinyls by release year                                                                                                                &amp#27;[90m# com/sqli/isc/iut/courses/cucumber/vinyl-search.feature:4&amp#27;[0m
  &amp#27;[33mGiven &amp#27;[0m&amp#27;[33man album with the title 'The Dark Side of the Moon', created by the band 'Pink Floyd', released in '01-03-1973' on the label 'Harvest Records'&amp#27;[0m &amp#27;[90m# null&amp#27;[0m
  &amp#27;[36mAnd &amp#27;[0m&amp#27;[36man album with the title 'Bad', created by the artist 'Michael Jackson', released in '31-08-1987' on the label 'Epic Records'&amp#27;[0m                     &amp#27;[90m# null&amp#27;[0m
  &amp#27;[36mAnd &amp#27;[0m&amp#27;[36man album with the title 'Tubular Bells', created by the artist 'Mike Oldfield', released in '25-05-1973' on the label 'Virgin Records'&amp#27;[0m           &amp#27;[90m# null&amp#27;[0m
  &amp#27;[36mAnd &amp#27;[0m&amp#27;[36man album with the title 'Like a Virgin', created by the artist 'Madonna', released in '12-11-1984' on the label 'Sire Records'&amp#27;[0m                   &amp#27;[90m# null&amp#27;[0m
  &amp#27;[36mAnd &amp#27;[0m&amp#27;[36man album with the title 'Yellow Submarine', created by the band 'The Beatles', released in '17-01-1969' on the label 'Apple'&amp#27;[0m                     &amp#27;[90m# null&amp#27;[0m
  &amp#27;[36mAnd &amp#27;[0m&amp#27;[36man album with the title 'Brothers in Arms', created by the band 'Dire Straits', released in '01-05-1985' on the label 'Vertigo Records'&amp#27;[0m          &amp#27;[90m# null&amp#27;[0m
  &amp#27;[36mWhen &amp#27;[0m&amp#27;[36mthe customer searches for vinyls released between '1970' and '1980'&amp#27;[0m                                                                             &amp#27;[90m# null&amp#27;[0m
  &amp#27;[36mThen &amp#27;[0m&amp#27;[36m2 albums should have been found&amp#27;[0m                                                                                                                 &amp#27;[90m# null&amp#27;[0m
  &amp#27;[36mAnd &amp#27;[0m&amp#27;[36malbum 1 should have the title 'Tubular Bells'&amp#27;[0m                                                                                                    &amp#27;[90m# null&amp#27;[0m
  &amp#27;[36mAnd &amp#27;[0m&amp#27;[36malbum 2 should have the title 'The Dark Side of the Moon'&amp#27;[0m                                                                                        &amp#27;[90m# null&amp#27;[0m
]]></system-out>
  </testcase>
</testsuite>